<?xml version="1.0" encoding="UTF-8"?>
<testng-results skipped="0" failed="0" total="2" passed="2">
  <reporter-output>
  </reporter-output>
  <suite name="Default suite" duration-ms="43" started-at="2017-08-24T11:26:26Z" finished-at="2017-08-24T11:26:27Z">
    <groups>
    </groups>
    <test name="Hello world" duration-ms="43" started-at="2017-08-24T11:26:26Z" finished-at="2017-08-24T11:26:27Z">
      <class name="helloworldjenkins.helloworld1">
        <test-method status="PASS" signature="Hello()[pri:0, instance:helloworldjenkins.helloworld1@cc285f4]" name="Hello" duration-ms="5" started-at="2017-08-24T16:56:26Z" finished-at="2017-08-24T16:56:27Z">
          <reporter-output>
          </reporter-output>
        </test-method> <!-- Hello -->
      </class> <!-- helloworldjenkins.helloworld1 -->
      <class name="helloworldjenkins.helloworld2">
        <test-method status="PASS" signature="Hello2test()[pri:0, instance:helloworldjenkins.helloworld2@2a2d45ba]" name="Hello2test" duration-ms="14" started-at="2017-08-24T16:56:26Z" finished-at="2017-08-24T16:56:26Z">
          <reporter-output>
          </reporter-output>
        </test-method> <!-- Hello2test -->
      </class> <!-- helloworldjenkins.helloworld2 -->
    </test> <!-- Hello world -->
  </suite> <!-- Default suite -->
</testng-results>
